12.4.18 master/Application/build/outputs/logs/manifest-merger-debug-report.txt
-- Merging decision tree log ---
manifest
ADDED from src/main/AndroidManifest.xml:16:1-63:12
INJECTED from src/main/AndroidManifest.xml:16:1-63:12
INJECTED from src/main/AndroidManifest.xml:16:1-63:12
INJECTED from src/main/AndroidManifest.xml:16:1-63:12
MERGED from [com.android.support:design:27.1.0] AndroidManifest.xml:17:1-22:12
MERGED from [com.google.android.gms:play-services:9.0.2] AndroidManifest.xml:2:1-6:12
MERGED from [com.google.android.gms:play-services-cast:9.0.2] AndroidManifest.xml:16:1-20:12
MERGED from [com.android.support:mediarouter-v7:27.1.0] AndroidManifest.xml:17:1-22:12
MERGED from [com.android.support:appcompat-v7:27.1.0] AndroidManifest.xml:17:1-22:12
MERGED from [com.google.android.gms:play-services-ads:9.0.2] AndroidManifest.xml:16:1-20:12
MERGED from [com.google.android.gms:play-services-ads-lite:9.0.2] AndroidManifest.xml:16:1-33:12
MERGED from [com.google.android.gms:play-services-analytics:9.0.2] AndroidManifest.xml:16:1-28:12
MERGED from [com.google.android.gms:play-services-tagmanager:9.0.2] AndroidManifest.xml:16:1-19:12
MERGED from [com.google.android.gms:play-services-analytics-impl:9.0.2] AndroidManifest.xml:16:1-28:12
MERGED from [com.google.android.gms:play-services-appinvite:9.0.2] AndroidManifest.xml:16:1-31:12
MERGED from [com.google.android.gms:play-services-auth:9.0.2] AndroidManifest.xml:16:1-33:12
MERGED from [com.google.android.gms:play-services-games:9.0.2] AndroidManifest.xml:16:1-20:12
MERGED from [com.google.android.gms:play-services-plus:9.0.2] AndroidManifest.xml:16:1-20:12
MERGED from [com.google.android.gms:play-services-auth-base:9.0.2] AndroidManifest.xml:2:1-6:12
MERGED from [com.google.firebase:firebase-config:9.0.2] AndroidManifest.xml:16:1-20:12
MERGED from [com.google.firebase:firebase-crash:9.0.2] AndroidManifest.xml:16:1-34:12
MERGED from [com.google.android.gms:play-services-drive:9.0.2] AndroidManifest.xml:16:1-20:12
MERGED from [com.google.firebase:firebase-auth:9.0.2] AndroidManifest.xml:16:1-22:12
MERGED from [com.google.firebase:firebase-auth-common:9.0.2] AndroidManifest.xml:16:1-22:12
MERGED from [com.google.firebase:firebase-auth-module:9.0.2] AndroidManifest.xml:2:1-6:12
MERGED from [com.google.firebase:firebase-database:9.0.2] AndroidManifest.xml:2:1-6:12
MERGED from [com.google.firebase:firebase-database-connection:9.0.2] AndroidManifest.xml:2:1-6:12
MERGED from [com.google.firebase:firebase-storage:9.0.2] AndroidManifest.xml:2:1-6:12
MERGED from [com.google.firebase:firebase-storage-common:9.0.2] AndroidManifest.xml:2:1-6:12
MERGED from [com.google.android.gms:play-services-fitness:9.0.2] AndroidManifest.xml:16:1-20:12
MERGED from [com.google.android.gms:play-services-gcm:9.0.2] AndroidManifest.xml:16:1-25:12
MERGED from [com.google.android.gms:play-services-appindexing:9.0.2] AndroidManifest.xml:16:1-20:12
MERGED from [com.google.android.gms:play-services-wallet:9.0.2] AndroidManifest.xml:16:1-21:12
MERGED from [com.google.android.gms:play-services-identity:9.0.2] AndroidManifest.xml:16:1-20:12
MERGED from [com.google.android.gms:play-services-iid:9.0.2] AndroidManifest.xml:16:1-25:12
MERGED from [com.google.android.gms:play-services-location:9.0.2] AndroidManifest.xml:16:1-20:12
MERGED from [com.google.android.gms:play-services-maps:9.0.2] AndroidManifest.xml:16:1-28:12
MERGED from [com.google.android.gms:play-services-tagmanager-api:9.0.2] AndroidManifest.xml:16:1-39:12
MERGED from [com.google.firebase:firebase-analytics:9.0.2] AndroidManifest.xml:16:1-42:12
MERGED from [com.google.firebase:firebase-analytics-impl:9.0.2] AndroidManifest.xml:16:1-42:12
MERGED from [com.google.android.gms:play-services-nearby:9.0.2] AndroidManifest.xml:16:1-21:12
MERGED from [com.google.android.gms:play-services-panorama:9.0.2] AndroidManifest.xml:16:1-20:12
MERGED from [com.google.android.gms:play-services-safetynet:9.0.2] AndroidManifest.xml:16:1-20:12
MERGED from [com.google.android.gms:play-services-vision:9.0.2] AndroidManifest.xml:2:1-6:12
MERGED from [com.google.android.gms:play-services-wearable:9.0.2] AndroidManifest.xml:16:1-20:12
MERGED from [com.google.android.gms:play-services-base:9.0.2] AndroidManifest.xml:16:1-24:12
MERGED from [com.google.firebase:firebase-messaging:9.0.2] AndroidManifest.xml:16:1-33:12
MERGED from [com.google.firebase:firebase-iid:9.0.2] AndroidManifest.xml:16:1-60:12
MERGED from [com.google.firebase:firebase-common:9.0.2] AndroidManifest.xml:2:1-13:12
MERGED from [com.google.android.gms:play-services-tasks:9.0.2] AndroidManifest.xml:2:1-6:12
MERGED from [com.google.android.gms:play-services-basement:9.0.2] AndroidManifest.xml:16:1-26:12
MERGED from [com.android.support:support-v4:27.1.0] AndroidManifest.xml:17:1-22:12
MERGED from [android.arch.paging:runtime:1.0.0-alpha6] AndroidManifest.xml:17:1-22:12
MERGED from [com.android.support:recyclerview-v7:27.1.0] AndroidManifest.xml:17:1-22:12
MERGED from [com.android.support:cardview-v7:27.1.0] AndroidManifest.xml:17:1-22:12
MERGED from [com.android.support:multidex:1.0.2] AndroidManifest.xml:17:1-22:12
MERGED from [com.android.support.constraint:constraint-layout:1.0.2] AndroidManifest.xml:2:1-11:12
MERGED from [android.arch.lifecycle:extensions:1.1.0] AndroidManifest.xml:17:1-30:12
MERGED from [com.android.support:support-fragment:27.1.0] AndroidManifest.xml:17:1-22:12
MERGED from [android.arch.lifecycle:viewmodel:1.1.0] AndroidManifest.xml:17:1-22:12
MERGED from [android.arch.lifecycle:livedata:1.1.0] AndroidManifest.xml:17:1-22:12
MERGED from [android.arch.persistence.room:runtime:1.0.0] AndroidManifest.xml:17:1-24:12
MERGED from [com.android.support:animated-vector-drawable:27.1.0] AndroidManifest.xml:17:1-22:12
MERGED from [com.android.support:support-vector-drawable:27.1.0] AndroidManifest.xml:17:1-22:12
MERGED from [com.android.support:support-core-ui:27.1.0] AndroidManifest.xml:17:1-22:12
MERGED from [com.android.support:transition:27.1.0] AndroidManifest.xml:17:1-22:12
MERGED from [com.android.support:palette-v7:27.1.0] AndroidManifest.xml:17:1-22:12
MERGED from [com.android.support:support-core-utils:27.1.0] AndroidManifest.xml:17:1-22:12
MERGED from [com.android.support:support-media-compat:27.1.0] AndroidManifest.xml:17:1-22:12
MERGED from [com.android.support:support-compat:27.1.0] AndroidManifest.xml:17:1-22:12
MERGED from [android.arch.lifecycle:runtime:1.1.0] AndroidManifest.xml:17:1-22:12
MERGED from [android.arch.lifecycle:livedata-core:1.1.0] AndroidManifest.xml:17:1-22:12
MERGED from [android.arch.core:runtime:1.1.0] AndroidManifest.xml:17:1-22:12
MERGED from [android.arch.persistence:db-framework:1.0.0] AndroidManifest.xml:17:1-24:12
MERGED from [android.arch.persistence:db:1.0.0] AndroidManifest.xml:17:1-24:12
INJECTED from src/main/AndroidManifest.xml:16:1-63:12
INJECTED from src/main/AndroidManifest.xml:16:1-63:12
INJECTED from src/main/AndroidManifest.xml:16:1-63:12
	package
		ADDED from src/main/AndroidManifest.xml:17:5-50
		INJECTED from src/main/AndroidManifest.xml
		INJECTED from src/main/AndroidManifest.xml
	android:versionName
		ADDED from src/main/AndroidManifest.xml:19:5-30
		INJECTED from src/main/AndroidManifest.xml
		INJECTED from src/main/AndroidManifest.xml
	xmlns:android
		ADDED from src/main/AndroidManifest.xml:16:11-69
	android:versionCode
		ADDED from src/main/AndroidManifest.xml:18:5-28
		INJECTED from src/main/AndroidManifest.xml
		INJECTED from src/main/AndroidManifest.xml
uses-feature#android.hardware.bluetooth_le
ADDED from src/main/AndroidManifest.xml:30:5-32:35
	android:required
		ADDED from src/main/AndroidManifest.xml:32:9-32
	android:name
		ADDED from src/main/AndroidManifest.xml:31:9-53
uses-permission#android.permission.ACCESS_COARSE_LOCATION
ADDED from src/main/AndroidManifest.xml:34:5-81
	android:name
		ADDED from src/main/AndroidManifest.xml:34:22-78
uses-permission#android.permission.ACCESS_FINE_LOCATION
ADDED from src/main/AndroidManifest.xml:35:5-79
	android:name
		ADDED from src/main/AndroidManifest.xml:35:22-76
uses-permission#android.permission.BLUETOOTH
ADDED from src/main/AndroidManifest.xml:36:5-68
	android:name
		ADDED from src/main/AndroidManifest.xml:36:22-65
uses-permission#android.permission.BLUETOOTH_ADMIN
ADDED from src/main/AndroidManifest.xml:37:5-74
	android:name
		ADDED from src/main/AndroidManifest.xml:37:22-71
application
ADDED from src/main/AndroidManifest.xml:39:5-61:19
MERGED from [com.google.android.gms:play-services:9.0.2] AndroidManifest.xml:5:5-20
MERGED from [com.google.android.gms:play-services:9.0.2] AndroidManifest.xml:5:5-20
MERGED from [com.google.android.gms:play-services-cast:9.0.2] AndroidManifest.xml:19:5-20
MERGED from [com.google.android.gms:play-services-cast:9.0.2] AndroidManifest.xml:19:5-20
MERGED from [com.google.android.gms:play-services-ads-lite:9.0.2] AndroidManifest.xml:24:5-32:19
MERGED from [com.google.android.gms:play-services-ads-lite:9.0.2] AndroidManifest.xml:24:5-32:19
MERGED from [com.google.android.gms:play-services-analytics:9.0.2] AndroidManifest.xml:27:5-20
MERGED from [com.google.android.gms:play-services-analytics:9.0.2] AndroidManifest.xml:27:5-20
MERGED from [com.google.android.gms:play-services-analytics-impl:9.0.2] AndroidManifest.xml:27:5-20
MERGED from [com.google.android.gms:play-services-analytics-impl:9.0.2] AndroidManifest.xml:27:5-20
MERGED from [com.google.android.gms:play-services-appinvite:9.0.2] AndroidManifest.xml:20:5-30:19
MERGED from [com.google.android.gms:play-services-appinvite:9.0.2] AndroidManifest.xml:20:5-30:19
MERGED from [com.google.android.gms:play-services-auth:9.0.2] AndroidManifest.xml:20:5-32:19
MERGED from [com.google.android.gms:play-services-auth:9.0.2] AndroidManifest.xml:20:5-32:19
MERGED from [com.google.android.gms:play-services-games:9.0.2] AndroidManifest.xml:19:5-20
MERGED from [com.google.android.gms:play-services-games:9.0.2] AndroidManifest.xml:19:5-20
MERGED from [com.google.android.gms:play-services-plus:9.0.2] AndroidManifest.xml:19:5-20
MERGED from [com.google.android.gms:play-services-plus:9.0.2] AndroidManifest.xml:19:5-20
MERGED from [com.google.firebase:firebase-config:9.0.2] AndroidManifest.xml:19:5-20
MERGED from [com.google.firebase:firebase-config:9.0.2] AndroidManifest.xml:19:5-20
MERGED from [com.google.firebase:firebase-crash:9.0.2] AndroidManifest.xml:24:5-32:19
MERGED from [com.google.firebase:firebase-crash:9.0.2] AndroidManifest.xml:24:5-32:19
MERGED from [com.google.android.gms:play-services-drive:9.0.2] AndroidManifest.xml:19:5-20
MERGED from [com.google.android.gms:play-services-drive:9.0.2] AndroidManifest.xml:19:5-20
MERGED from [com.google.firebase:firebase-auth:9.0.2] AndroidManifest.xml:20:5-21:19
MERGED from [com.google.firebase:firebase-auth:9.0.2] AndroidManifest.xml:20:5-21:19
MERGED from [com.google.firebase:firebase-auth-common:9.0.2] AndroidManifest.xml:20:5-21:19
MERGED from [com.google.firebase:firebase-auth-common:9.0.2] AndroidManifest.xml:20:5-21:19
MERGED from [com.google.android.gms:play-services-fitness:9.0.2] AndroidManifest.xml:19:5-20
MERGED from [com.google.android.gms:play-services-fitness:9.0.2] AndroidManifest.xml:19:5-20
MERGED from [com.google.android.gms:play-services-gcm:9.0.2] AndroidManifest.xml:24:5-20
MERGED from [com.google.android.gms:play-services-gcm:9.0.2] AndroidManifest.xml:24:5-20
MERGED from [com.google.android.gms:play-services-appindexing:9.0.2] AndroidManifest.xml:19:5-20
MERGED from [com.google.android.gms:play-services-appindexing:9.0.2] AndroidManifest.xml:19:5-20
MERGED from [com.google.android.gms:play-services-identity:9.0.2] AndroidManifest.xml:19:5-20
MERGED from [com.google.android.gms:play-services-identity:9.0.2] AndroidManifest.xml:19:5-20
MERGED from [com.google.android.gms:play-services-iid:9.0.2] AndroidManifest.xml:24:5-20
MERGED from [com.google.android.gms:play-services-iid:9.0.2] AndroidManifest.xml:24:5-20
MERGED from [com.google.android.gms:play-services-location:9.0.2] AndroidManifest.xml:19:5-20
MERGED from [com.google.android.gms:play-services-location:9.0.2] AndroidManifest.xml:19:5-20
MERGED from [com.google.android.gms:play-services-maps:9.0.2] AndroidManifest.xml:27:5-20
MERGED from [com.google.android.gms:play-services-maps:9.0.2] AndroidManifest.xml:27:5-20
MERGED from [com.google.android.gms:play-services-tagmanager-api:9.0.2] AndroidManifest.xml:24:5-38:19
MERGED from [com.google.android.gms:play-services-tagmanager-api:9.0.2] AndroidManifest.xml:24:5-38:19
MERGED from [com.google.firebase:firebase-analytics:9.0.2] AndroidManifest.xml:26:5-41:19
MERGED from [com.google.firebase:firebase-analytics:9.0.2] AndroidManifest.xml:26:5-41:19
MERGED from [com.google.firebase:firebase-analytics-impl:9.0.2] AndroidManifest.xml:26:5-41:19
MERGED from [com.google.firebase:firebase-analytics-impl:9.0.2] AndroidManifest.xml:26:5-41:19
MERGED from [com.google.android.gms:play-services-nearby:9.0.2] AndroidManifest.xml:20:5-20
MERGED from [com.google.android.gms:play-services-nearby:9.0.2] AndroidManifest.xml:20:5-20
MERGED from [com.google.android.gms:play-services-panorama:9.0.2] AndroidManifest.xml:19:5-20
MERGED from [com.google.android.gms:play-services-panorama:9.0.2] AndroidManifest.xml:19:5-20
MERGED from [com.google.android.gms:play-services-safetynet:9.0.2] AndroidManifest.xml:19:5-20
MERGED from [com.google.android.gms:play-services-safetynet:9.0.2] AndroidManifest.xml:19:5-20
MERGED from [com.google.android.gms:play-services-vision:9.0.2] AndroidManifest.xml:5:5-20
MERGED from [com.google.android.gms:play-services-vision:9.0.2] AndroidManifest.xml:5:5-20
MERGED from [com.google.android.gms:play-services-wearable:9.0.2] AndroidManifest.xml:19:5-20
MERGED from [com.google.android.gms:play-services-wearable:9.0.2] AndroidManifest.xml:19:5-20
MERGED from [com.google.android.gms:play-services-base:9.0.2] AndroidManifest.xml:19:5-23:19
MERGED from [com.google.android.gms:play-services-base:9.0.2] AndroidManifest.xml:19:5-23:19
MERGED from [com.google.firebase:firebase-messaging:9.0.2] AndroidManifest.xml:20:5-32:19
MERGED from [com.google.firebase:firebase-messaging:9.0.2] AndroidManifest.xml:20:5-32:19
MERGED from [com.google.firebase:firebase-iid:9.0.2] AndroidManifest.xml:30:5-59:19
MERGED from [com.google.firebase:firebase-iid:9.0.2] AndroidManifest.xml:30:5-59:19
MERGED from [com.google.firebase:firebase-common:9.0.2] AndroidManifest.xml:5:5-12:19
MERGED from [com.google.firebase:firebase-common:9.0.2] AndroidManifest.xml:5:5-12:19
MERGED from [com.google.android.gms:play-services-tasks:9.0.2] AndroidManifest.xml:5:5-20
MERGED from [com.google.android.gms:play-services-tasks:9.0.2] AndroidManifest.xml:5:5-20
MERGED from [com.google.android.gms:play-services-basement:9.0.2] AndroidManifest.xml:20:5-24:19
MERGED from [com.google.android.gms:play-services-basement:9.0.2] AndroidManifest.xml:20:5-24:19
MERGED from [com.android.support.constraint:constraint-layout:1.0.2] AndroidManifest.xml:9:5-20
MERGED from [com.android.support.constraint:constraint-layout:1.0.2] AndroidManifest.xml:9:5-20
MERGED from [android.arch.lifecycle:extensions:1.1.0] AndroidManifest.xml:22:5-28:19
MERGED from [android.arch.lifecycle:extensions:1.1.0] AndroidManifest.xml:22:5-28:19
	android:label
		ADDED from src/main/AndroidManifest.xml:41:9-41
	android:icon
		ADDED from src/main/AndroidManifest.xml:40:9-38
	android:theme
		ADDED from src/main/AndroidManifest.xml:42:9-56
activity#com.example.android.bluetoothlegatt.DeviceScanActivity
ADDED from src/main/AndroidManifest.xml:43:9-51:20
	android:label
		ADDED from src/main/AndroidManifest.xml:45:13-45
	android:name
		ADDED from src/main/AndroidManifest.xml:44:13-47
intent-filter#android.intent.action.MAIN+android.intent.category.LAUNCHER
ADDED from src/main/AndroidManifest.xml:46:13-50:29
action#android.intent.action.MAIN
ADDED from src/main/AndroidManifest.xml:47:17-69
	android:name
		ADDED from src/main/AndroidManifest.xml:47:25-66
category#android.intent.category.LAUNCHER
ADDED from src/main/AndroidManifest.xml:49:17-77
	android:name
		ADDED from src/main/AndroidManifest.xml:49:27-74
activity#com.example.android.bluetoothlegatt.DeviceControlActivity
ADDED from src/main/AndroidManifest.xml:52:9-59
	android:name
		ADDED from src/main/AndroidManifest.xml:52:19-56
service#com.example.android.bluetoothlegatt.BluetoothLeService
ADDED from src/main/AndroidManifest.xml:54:9-56:38
	android:enabled
		ADDED from src/main/AndroidManifest.xml:56:13-35
	android:name
		ADDED from src/main/AndroidManifest.xml:55:13-47
activity#com.example.android.bluetoothlegatt.MyActivity
ADDED from src/main/AndroidManifest.xml:58:9-60:57
	android:label
		ADDED from src/main/AndroidManifest.xml:60:13-45
	android:name
		ADDED from src/main/AndroidManifest.xml:59:13-39
uses-sdk
INJECTED from src/main/AndroidManifest.xml reason: use-sdk injection requested
INJECTED from src/main/AndroidManifest.xml
INJECTED from src/main/AndroidManifest.xml
MERGED from [com.android.support:design:27.1.0] AndroidManifest.xml:20:5-44
MERGED from [com.android.support:design:27.1.0] AndroidManifest.xml:20:5-44
MERGED from [com.google.android.gms:play-services:9.0.2] AndroidManifest.xml:4:5-42
MERGED from [com.google.android.gms:play-services:9.0.2] AndroidManifest.xml:4:5-42
MERGED from [com.google.android.gms:play-services-cast:9.0.2] AndroidManifest.xml:18:5-42
MERGED from [com.google.android.gms:play-services-cast:9.0.2] AndroidManifest.xml:18:5-42
MERGED from [com.android.support:mediarouter-v7:27.1.0] AndroidManifest.xml:20:5-44
MERGED from [com.android.support:mediarouter-v7:27.1.0] AndroidManifest.xml:20:5-44
MERGED from [com.android.support:appcompat-v7:27.1.0] AndroidManifest.xml:20:5-44
MERGED from [com.android.support:appcompat-v7:27.1.0] AndroidManifest.xml:20:5-44
MERGED from [com.google.android.gms:play-services-ads:9.0.2] AndroidManifest.xml:19:5-42
MERGED from [com.google.android.gms:play-services-ads:9.0.2] AndroidManifest.xml:19:5-42
MERGED from [com.google.android.gms:play-services-ads-lite:9.0.2] AndroidManifest.xml:23:5-42
MERGED from [com.google.android.gms:play-services-ads-lite:9.0.2] AndroidManifest.xml:23:5-42
MERGED from [com.google.android.gms:play-services-analytics:9.0.2] AndroidManifest.xml:18:5-42
MERGED from [com.google.android.gms:play-services-analytics:9.0.2] AndroidManifest.xml:18:5-42
MERGED from [com.google.android.gms:play-services-tagmanager:9.0.2] AndroidManifest.xml:18:5-42
MERGED from [com.google.android.gms:play-services-tagmanager:9.0.2] AndroidManifest.xml:18:5-42
MERGED from [com.google.android.gms:play-services-analytics-impl:9.0.2] AndroidManifest.xml:18:5-42
MERGED from [com.google.android.gms:play-services-analytics-impl:9.0.2] AndroidManifest.xml:18:5-42
MERGED from [com.google.android.gms:play-services-appinvite:9.0.2] AndroidManifest.xml:18:5-42
MERGED from [com.google.android.gms:play-services-appinvite:9.0.2] AndroidManifest.xml:18:5-42
MERGED from [com.google.android.gms:play-services-auth:9.0.2] AndroidManifest.xml:18:5-43
MERGED from [com.google.android.gms:play-services-auth:9.0.2] AndroidManifest.xml:18:5-43
MERGED from [com.google.android.gms:play-services-games:9.0.2] AndroidManifest.xml:18:5-42
MERGED from [com.google.android.gms:play-services-games:9.0.2] AndroidManifest.xml:18:5-42
MERGED from [com.google.android.gms:play-services-plus:9.0.2] AndroidManifest.xml:18:5-42
MERGED from [com.google.android.gms:play-services-plus:9.0.2] AndroidManifest.xml:18:5-42
MERGED from [com.google.android.gms:play-services-auth-base:9.0.2] AndroidManifest.xml:5:5-43
MERGED from [com.google.android.gms:play-services-auth-base:9.0.2] AndroidManifest.xml:5:5-43
MERGED from [com.google.firebase:firebase-config:9.0.2] AndroidManifest.xml:18:5-42
MERGED from [com.google.firebase:firebase-config:9.0.2] AndroidManifest.xml:18:5-42
MERGED from [com.google.firebase:firebase-crash:9.0.2] AndroidManifest.xml:22:5-42
MERGED from [com.google.firebase:firebase-crash:9.0.2] AndroidManifest.xml:22:5-42
MERGED from [com.google.android.gms:play-services-drive:9.0.2] AndroidManifest.xml:18:5-42
MERGED from [com.google.android.gms:play-services-drive:9.0.2] AndroidManifest.xml:18:5-42
MERGED from [com.google.firebase:firebase-auth:9.0.2] AndroidManifest.xml:18:5-43
MERGED from [com.google.firebase:firebase-auth:9.0.2] AndroidManifest.xml:18:5-43
MERGED from [com.google.firebase:firebase-auth-common:9.0.2] AndroidManifest.xml:18:5-43
MERGED from [com.google.firebase:firebase-auth-common:9.0.2] AndroidManifest.xml:18:5-43
MERGED from [com.google.firebase:firebase-auth-module:9.0.2] AndroidManifest.xml:4:5-43
MERGED from [com.google.firebase:firebase-auth-module:9.0.2] AndroidManifest.xml:4:5-43
MERGED from [com.google.firebase:firebase-database:9.0.2] AndroidManifest.xml:5:5-43
MERGED from [com.google.firebase:firebase-database:9.0.2] AndroidManifest.xml:5:5-43
MERGED from [com.google.firebase:firebase-database-connection:9.0.2] AndroidManifest.xml:5:5-43
MERGED from [com.google.firebase:firebase-database-connection:9.0.2] AndroidManifest.xml:5:5-43
MERGED from [com.google.firebase:firebase-storage:9.0.2] AndroidManifest.xml:5:5-43
MERGED from [com.google.firebase:firebase-storage:9.0.2] AndroidManifest.xml:5:5-43
MERGED from [com.google.firebase:firebase-storage-common:9.0.2] AndroidManifest.xml:5:5-43
MERGED from [com.google.firebase:firebase-storage-common:9.0.2] AndroidManifest.xml:5:5-43
MERGED from [com.google.android.gms:play-services-fitness:9.0.2] AndroidManifest.xml:18:5-42
MERGED from [com.google.android.gms:play-services-fitness:9.0.2] AndroidManifest.xml:18:5-42
MERGED from [com.google.android.gms:play-services-gcm:9.0.2] AndroidManifest.xml:18:5-42
MERGED from [com.google.android.gms:play-services-gcm:9.0.2] AndroidManifest.xml:18:5-42
MERGED from [com.google.android.gms:play-services-appindexing:9.0.2] AndroidManifest.xml:18:5-42
MERGED from [com.google.android.gms:play-services-appindexing:9.0.2] AndroidManifest.xml:18:5-42
MERGED from [com.google.android.gms:play-services-wallet:9.0.2] AndroidManifest.xml:19:5-42
MERGED from [com.google.android.gms:play-services-wallet:9.0.2] AndroidManifest.xml:19:5-42
MERGED from [com.google.android.gms:play-services-identity:9.0.2] AndroidManifest.xml:18:5-42
MERGED from [com.google.android.gms:play-services-identity:9.0.2] AndroidManifest.xml:18:5-42
MERGED from [com.google.android.gms:play-services-iid:9.0.2] AndroidManifest.xml:18:5-42
MERGED from [com.google.android.gms:play-services-iid:9.0.2] AndroidManifest.xml:18:5-42
MERGED from [com.google.android.gms:play-services-location:9.0.2] AndroidManifest.xml:18:5-42
MERGED from [com.google.android.gms:play-services-location:9.0.2] AndroidManifest.xml:18:5-42
MERGED from [com.google.android.gms:play-services-maps:9.0.2] AndroidManifest.xml:26:5-42
MERGED from [com.google.android.gms:play-services-maps:9.0.2] AndroidManifest.xml:26:5-42
MERGED from [com.google.android.gms:play-services-tagmanager-api:9.0.2] AndroidManifest.xml:18:5-42
MERGED from [com.google.android.gms:play-services-tagmanager-api:9.0.2] AndroidManifest.xml:18:5-42
MERGED from [com.google.firebase:firebase-analytics:9.0.2] AndroidManifest.xml:18:5-42
MERGED from [com.google.firebase:firebase-analytics:9.0.2] AndroidManifest.xml:18:5-42
MERGED from [com.google.firebase:firebase-analytics-impl:9.0.2] AndroidManifest.xml:18:5-42
MERGED from [com.google.firebase:firebase-analytics-impl:9.0.2] AndroidManifest.xml:18:5-42
MERGED from [com.google.android.gms:play-services-nearby:9.0.2] AndroidManifest.xml:18:5-42
MERGED from [com.google.android.gms:play-services-nearby:9.0.2] AndroidManifest.xml:18:5-42
MERGED from [com.google.android.gms:play-services-panorama:9.0.2] AndroidManifest.xml:18:5-42
MERGED from [com.google.android.gms:play-services-panorama:9.0.2] AndroidManifest.xml:18:5-42
MERGED from [com.google.android.gms:play-services-safetynet:9.0.2] AndroidManifest.xml:18:5-42
MERGED from [com.google.android.gms:play-services-safetynet:9.0.2] AndroidManifest.xml:18:5-42
MERGED from [com.google.android.gms:play-services-vision:9.0.2] AndroidManifest.xml:4:5-42
MERGED from [com.google.android.gms:play-services-vision:9.0.2] AndroidManifest.xml:4:5-42
MERGED from [com.google.android.gms:play-services-wearable:9.0.2] AndroidManifest.xml:18:5-42
MERGED from [com.google.android.gms:play-services-wearable:9.0.2] AndroidManifest.xml:18:5-42
MERGED from [com.google.android.gms:play-services-base:9.0.2] AndroidManifest.xml:18:5-42
MERGED from [com.google.android.gms:play-services-base:9.0.2] AndroidManifest.xml:18:5-42
MERGED from [com.google.firebase:firebase-messaging:9.0.2] AndroidManifest.xml:18:5-42
MERGED from [com.google.firebase:firebase-messaging:9.0.2] AndroidManifest.xml:18:5-42
MERGED from [com.google.firebase:firebase-iid:9.0.2] AndroidManifest.xml:18:5-42
MERGED from [com.google.firebase:firebase-iid:9.0.2] AndroidManifest.xml:18:5-42
MERGED from [com.google.firebase:firebase-common:9.0.2] AndroidManifest.xml:4:5-43
MERGED from [com.google.firebase:firebase-common:9.0.2] AndroidManifest.xml:4:5-43
MERGED from [com.google.android.gms:play-services-tasks:9.0.2] AndroidManifest.xml:4:5-43
MERGED from [com.google.android.gms:play-services-tasks:9.0.2] AndroidManifest.xml:4:5-43
MERGED from [com.google.android.gms:play-services-basement:9.0.2] AndroidManifest.xml:18:5-42
MERGED from [com.google.android.gms:play-services-basement:9.0.2] AndroidManifest.xml:18:5-42
MERGED from [com.android.support:support-v4:27.1.0] AndroidManifest.xml:20:5-44
MERGED from [com.android.support:support-v4:27.1.0] AndroidManifest.xml:20:5-44
MERGED from [android.arch.paging:runtime:1.0.0-alpha6] AndroidManifest.xml:20:5-44
MERGED from [android.arch.paging:runtime:1.0.0-alpha6] AndroidManifest.xml:20:5-44
MERGED from [com.android.support:recyclerview-v7:27.1.0] AndroidManifest.xml:20:5-44
MERGED from [com.android.support:recyclerview-v7:27.1.0] AndroidManifest.xml:20:5-44
MERGED from [com.android.support:cardview-v7:27.1.0] AndroidManifest.xml:20:5-44
MERGED from [com.android.support:cardview-v7:27.1.0] AndroidManifest.xml:20:5-44
MERGED from [com.android.support:multidex:1.0.2] AndroidManifest.xml:20:5-43
MERGED from [com.android.support:multidex:1.0.2] AndroidManifest.xml:20:5-43
MERGED from [com.android.support.constraint:constraint-layout:1.0.2] AndroidManifest.xml:5:5-7:41
MERGED from [com.android.support.constraint:constraint-layout:1.0.2] AndroidManifest.xml:5:5-7:41
MERGED from [android.arch.lifecycle:extensions:1.1.0] AndroidManifest.xml:20:5-44
MERGED from [android.arch.lifecycle:extensions:1.1.0] AndroidManifest.xml:20:5-44
MERGED from [com.android.support:support-fragment:27.1.0] AndroidManifest.xml:20:5-44
MERGED from [com.android.support:support-fragment:27.1.0] AndroidManifest.xml:20:5-44
MERGED from [android.arch.lifecycle:viewmodel:1.1.0] AndroidManifest.xml:20:5-44
MERGED from [android.arch.lifecycle:viewmodel:1.1.0] AndroidManifest.xml:20:5-44
MERGED from [android.arch.lifecycle:livedata:1.1.0] AndroidManifest.xml:20:5-44
MERGED from [android.arch.lifecycle:livedata:1.1.0] AndroidManifest.xml:20:5-44
MERGED from [android.arch.persistence.room:runtime:1.0.0] AndroidManifest.xml:20:5-22:41
MERGED from [android.arch.persistence.room:runtime:1.0.0] AndroidManifest.xml:20:5-22:41
MERGED from [com.android.support:animated-vector-drawable:27.1.0] AndroidManifest.xml:20:5-44
MERGED from [com.android.support:animated-vector-drawable:27.1.0] AndroidManifest.xml:20:5-44
MERGED from [com.android.support:support-vector-drawable:27.1.0] AndroidManifest.xml:20:5-44
MERGED from [com.android.support:support-vector-drawable:27.1.0] AndroidManifest.xml:20:5-44
MERGED from [com.android.support:support-core-ui:27.1.0] AndroidManifest.xml:20:5-44
MERGED from [com.android.support:support-core-ui:27.1.0] AndroidManifest.xml:20:5-44
MERGED from [com.android.support:transition:27.1.0] AndroidManifest.xml:20:5-44
MERGED from [com.android.support:transition:27.1.0] AndroidManifest.xml:20:5-44
MERGED from [com.android.support:palette-v7:27.1.0] AndroidManifest.xml:20:5-44
MERGED from [com.android.support:palette-v7:27.1.0] AndroidManifest.xml:20:5-44
MERGED from [com.android.support:support-core-utils:27.1.0] AndroidManifest.xml:20:5-44
MERGED from [com.android.support:support-core-utils:27.1.0] AndroidManifest.xml:20:5-44
MERGED from [com.android.support:support-media-compat:27.1.0] AndroidManifest.xml:20:5-44
MERGED from [com.android.support:support-media-compat:27.1.0] AndroidManifest.xml:20:5-44
MERGED from [com.android.support:support-compat:27.1.0] AndroidManifest.xml:20:5-44
MERGED from [com.android.support:support-compat:27.1.0] AndroidManifest.xml:20:5-44
MERGED from [android.arch.lifecycle:runtime:1.1.0] AndroidManifest.xml:20:5-44
MERGED from [android.arch.lifecycle:runtime:1.1.0] AndroidManifest.xml:20:5-44
MERGED from [android.arch.lifecycle:livedata-core:1.1.0] AndroidManifest.xml:20:5-44
MERGED from [android.arch.lifecycle:livedata-core:1.1.0] AndroidManifest.xml:20:5-44
MERGED from [android.arch.core:runtime:1.1.0] AndroidManifest.xml:20:5-44
MERGED from [android.arch.core:runtime:1.1.0] AndroidManifest.xml:20:5-44
MERGED from [android.arch.persistence:db-framework:1.0.0] AndroidManifest.xml:20:5-22:41
MERGED from [android.arch.persistence:db-framework:1.0.0] AndroidManifest.xml:20:5-22:41
MERGED from [android.arch.persistence:db:1.0.0] AndroidManifest.xml:20:5-22:41
MERGED from [android.arch.persistence:db:1.0.0] AndroidManifest.xml:20:5-22:41
INJECTED from src/main/AndroidManifest.xml
INJECTED from src/main/AndroidManifest.xml
	android:targetSdkVersion
		INJECTED from src/main/AndroidManifest.xml
		ADDED from src/main/AndroidManifest.xml
		INJECTED from src/main/AndroidManifest.xml
	android:minSdkVersion
		INJECTED from src/main/AndroidManifest.xml
		ADDED from src/main/AndroidManifest.xml
		INJECTED from src/main/AndroidManifest.xml
uses-permission#android.permission.INTERNET
ADDED from [com.google.android.gms:play-services-ads-lite:9.0.2] AndroidManifest.xml:20:5-66
MERGED from [com.google.android.gms:play-services-analytics:9.0.2] AndroidManifest.xml:21:5-67